<?xml version="1.0" encoding="UTF-8" ?>
<testsuite tests="10" failures="6" name="com.tannv.controler.UserControllerUnitTest" time="0.911" errors="0" skipped="0">
  <properties>
[...]
</properties>
  <testcase classname="com.tannv.controler.UserControllerUnitTest" name="test_get_by_id_success" time="0.641">
    <failure message="Content type expected:&lt;application/json;charset=UTF-8&gt; but was:&lt;application/xml;charset=UTF-8&gt;" type="java.lang.AssertionError">java.lang.AssertionError: Content type expected:&lt;application/json;charset=UTF-8&gt; but was:&lt;application/xml;charset=UTF-8&gt;
	at org.springframework.test.util.AssertionErrors.fail(AssertionErrors.java:54)
	at org.springframework.test.util.AssertionErrors.assertEquals(AssertionErrors.java:81)
	at org.springframework.test.web.servlet.result.ContentResultMatchers$1.match(ContentResultMatchers.java:82)
	at org.springframework.test.web.servlet.MockMvc$1.andExpect(MockMvc.java:171)
	at com.tannv.controler.UserControllerUnitTest.test_get_by_id_success(UserControllerUnitTest.java:84)
	at sun.reflect.NativeMethodAccessorImpl.invoke0(Native Method)
	at sun.reflect.NativeMethodAccessorImpl.invoke(NativeMethodAccessorImpl.java:62)
	at sun.reflect.DelegatingMethodAccessorImpl.invoke(DelegatingMethodAccessorImpl.java:43)
	at java.lang.reflect.Method.invoke(Method.java:498)
	at org.junit.runners.model.FrameworkMethod$1.runReflectiveCall(FrameworkMethod.java:50)
	at org.junit.internal.runners.model.ReflectiveCallable.run(ReflectiveCallable.java:12)
	at org.junit.runners.model.FrameworkMethod.invokeExplosively(FrameworkMethod.java:47)
	at org.junit.internal.runners.statements.InvokeMethod.evaluate(InvokeMethod.java:17)
	at org.junit.internal.runners.statements.RunBefores.evaluate(RunBefores.java:26)
	at org.junit.runners.ParentRunner.runLeaf(ParentRunner.java:325)
	at org.junit.runners.BlockJUnit4ClassRunner.runChild(BlockJUnit4ClassRunner.java:78)
	at org.junit.runners.BlockJUnit4ClassRunner.runChild(BlockJUnit4ClassRunner.java:57)
	at org.junit.runners.ParentRunner$3.run(ParentRunner.java:290)
	at org.junit.runners.ParentRunner$1.schedule(ParentRunner.java:71)
	at org.junit.runners.ParentRunner.runChildren(ParentRunner.java:288)
	at org.junit.runners.ParentRunner.access$000(ParentRunner.java:58)
	at org.junit.runners.ParentRunner$2.evaluate(ParentRunner.java:268)
	at org.junit.runners.ParentRunner.run(ParentRunner.java:363)
	at org.apache.maven.surefire.junit4.JUnit4Provider.execute(JUnit4Provider.java:252)
	at org.apache.maven.surefire.junit4.JUnit4Provider.executeTestSet(JUnit4Provider.java:141)
	at org.apache.maven.surefire.junit4.JUnit4Provider.invoke(JUnit4Provider.java:112)
	at sun.reflect.NativeMethodAccessorImpl.invoke0(Native Method)
	at sun.reflect.NativeMethodAccessorImpl.invoke(NativeMethodAccessorImpl.java:62)
	at sun.reflect.DelegatingMethodAccessorImpl.invoke(DelegatingMethodAccessorImpl.java:43)
	at java.lang.reflect.Method.invoke(Method.java:498)
	at org.apache.maven.surefire.util.ReflectionUtils.invokeMethodWithArray(ReflectionUtils.java:189)
	at org.apache.maven.surefire.booter.ProviderFactory$ProviderProxy.invoke(ProviderFactory.java:165)
	at org.apache.maven.surefire.booter.ProviderFactory.invokeProvider(ProviderFactory.java:85)
	at org.apache.maven.surefire.booter.ForkedBooter.runSuitesInProcess(ForkedBooter.java:115)
	at org.apache.maven.surefire.booter.ForkedBooter.main(ForkedBooter.java:75)
</failure>
    <system-out>16:18:34.776 [main] INFO com.tannv.fillter.CORSFilter - Adding CORS Headers ........................
16:18:34.798 [main] INFO com.tannv.controller.UserController - getting user with id: 1
</system-out>
    <system-err>May 12, 2017 4:18:34 PM org.springframework.test.web.servlet.setup.StandaloneMockMvcBuilder$StaticRequestMappingHandlerMapping register
INFO: Mapped &quot;{[/users],methods=[GET]}&quot; onto public org.springframework.http.ResponseEntity&lt;java.util.List&lt;com.tannv.model.User&gt;&gt; com.tannv.controller.UserController.getAll()
May 12, 2017 4:18:34 PM org.springframework.test.web.servlet.setup.StandaloneMockMvcBuilder$StaticRequestMappingHandlerMapping register
INFO: Mapped &quot;{[/users/{id}],methods=[GET]}&quot; onto public org.springframework.http.ResponseEntity&lt;com.tannv.model.User&gt; com.tannv.controller.UserController.get(int)
May 12, 2017 4:18:34 PM org.springframework.test.web.servlet.setup.StandaloneMockMvcBuilder$StaticRequestMappingHandlerMapping register
INFO: Mapped &quot;{[/users/{id}],methods=[PUT]}&quot; onto public org.springframework.http.ResponseEntity&lt;com.tannv.model.User&gt; com.tannv.controller.UserController.update(int,com.tannv.model.User)
May 12, 2017 4:18:34 PM org.springframework.test.web.servlet.setup.StandaloneMockMvcBuilder$StaticRequestMappingHandlerMapping register
INFO: Mapped &quot;{[/users/{id}],methods=[DELETE]}&quot; onto public org.springframework.http.ResponseEntity&lt;java.lang.Void&gt; com.tannv.controller.UserController.delete(int)
May 12, 2017 4:18:34 PM org.springframework.test.web.servlet.setup.StandaloneMockMvcBuilder$StaticRequestMappingHandlerMapping register
INFO: Mapped &quot;{[/users],methods=[POST]}&quot; onto public org.springframework.http.ResponseEntity&lt;java.lang.Void&gt; com.tannv.controller.UserController.create(com.tannv.model.User,org.springframework.web.util.UriComponentsBuilder)
May 12, 2017 4:18:34 PM org.springframework.web.servlet.mvc.method.annotation.RequestMappingHandlerAdapter initControllerAdviceCache
INFO: Looking for @ControllerAdvice: org.springframework.test.web.servlet.setup.StubWebApplicationContext@3439f68d
May 12, 2017 4:18:34 PM org.springframework.mock.web.MockServletContext log
INFO: Initializing Spring FrameworkServlet &apos;&apos;
May 12, 2017 4:18:34 PM org.springframework.test.web.servlet.TestDispatcherServlet initServletBean
INFO: FrameworkServlet &apos;&apos;: initialization started
May 12, 2017 4:18:34 PM org.springframework.test.web.servlet.TestDispatcherServlet initServletBean
INFO: FrameworkServlet &apos;&apos;: initialization completed in 2 ms
</system-err>
  </testcase>
  <testcase classname="com.tannv.controler.UserControllerUnitTest" name="test_create_user_fail_409_conflict" time="0.059">
    <failure message="Status expected:&lt;409&gt; but was:&lt;400&gt;" type="java.lang.AssertionError">java.lang.AssertionError: Status expected:&lt;409&gt; but was:&lt;400&gt;
	at org.springframework.test.util.AssertionErrors.fail(AssertionErrors.java:54)
	at org.springframework.test.util.AssertionErrors.assertEquals(AssertionErrors.java:81)
	at org.springframework.test.web.servlet.result.StatusResultMatchers$10.match(StatusResultMatchers.java:664)
	at org.springframework.test.web.servlet.MockMvc$1.andExpect(MockMvc.java:171)
	at com.tannv.controler.UserControllerUnitTest.test_create_user_fail_409_conflict(UserControllerUnitTest.java:135)
	at sun.reflect.NativeMethodAccessorImpl.invoke0(Native Method)
	at sun.reflect.NativeMethodAccessorImpl.invoke(NativeMethodAccessorImpl.java:62)
	at sun.reflect.DelegatingMethodAccessorImpl.invoke(DelegatingMethodAccessorImpl.java:43)
	at java.lang.reflect.Method.invoke(Method.java:498)
	at org.junit.runners.model.FrameworkMethod$1.runReflectiveCall(FrameworkMethod.java:50)
	at org.junit.internal.runners.model.ReflectiveCallable.run(ReflectiveCallable.java:12)
	at org.junit.runners.model.FrameworkMethod.invokeExplosively(FrameworkMethod.java:47)
	at org.junit.internal.runners.statements.InvokeMethod.evaluate(InvokeMethod.java:17)
	at org.junit.internal.runners.statements.RunBefores.evaluate(RunBefores.java:26)
	at org.junit.runners.ParentRunner.runLeaf(ParentRunner.java:325)
	at org.junit.runners.BlockJUnit4ClassRunner.runChild(BlockJUnit4ClassRunner.java:78)
	at org.junit.runners.BlockJUnit4ClassRunner.runChild(BlockJUnit4ClassRunner.java:57)
	at org.junit.runners.ParentRunner$3.run(ParentRunner.java:290)
	at org.junit.runners.ParentRunner$1.schedule(ParentRunner.java:71)
	at org.junit.runners.ParentRunner.runChildren(ParentRunner.java:288)
	at org.junit.runners.ParentRunner.access$000(ParentRunner.java:58)
	at org.junit.runners.ParentRunner$2.evaluate(ParentRunner.java:268)
	at org.junit.runners.ParentRunner.run(ParentRunner.java:363)
	at org.apache.maven.surefire.junit4.JUnit4Provider.execute(JUnit4Provider.java:252)
	at org.apache.maven.surefire.junit4.JUnit4Provider.executeTestSet(JUnit4Provider.java:141)
	at org.apache.maven.surefire.junit4.JUnit4Provider.invoke(JUnit4Provider.java:112)
	at sun.reflect.NativeMethodAccessorImpl.invoke0(Native Method)
	at sun.reflect.NativeMethodAccessorImpl.invoke(NativeMethodAccessorImpl.java:62)
	at sun.reflect.DelegatingMethodAccessorImpl.invoke(DelegatingMethodAccessorImpl.java:43)
	at java.lang.reflect.Method.invoke(Method.java:498)
	at org.apache.maven.surefire.util.ReflectionUtils.invokeMethodWithArray(ReflectionUtils.java:189)
	at org.apache.maven.surefire.booter.ProviderFactory$ProviderProxy.invoke(ProviderFactory.java:165)
	at org.apache.maven.surefire.booter.ProviderFactory.invokeProvider(ProviderFactory.java:85)
	at org.apache.maven.surefire.booter.ForkedBooter.runSuitesInProcess(ForkedBooter.java:115)
	at org.apache.maven.surefire.booter.ForkedBooter.main(ForkedBooter.java:75)
</failure>
    <system-out>16:18:34.885 [main] INFO com.tannv.fillter.CORSFilter - Adding CORS Headers ........................
</system-out>
    <system-err>May 12, 2017 4:18:34 PM org.springframework.test.web.servlet.setup.StandaloneMockMvcBuilder$StaticRequestMappingHandlerMapping register
INFO: Mapped &quot;{[/users],methods=[GET]}&quot; onto public org.springframework.http.ResponseEntity&lt;java.util.List&lt;com.tannv.model.User&gt;&gt; com.tannv.controller.UserController.getAll()
May 12, 2017 4:18:34 PM org.springframework.test.web.servlet.setup.StandaloneMockMvcBuilder$StaticRequestMappingHandlerMapping register
INFO: Mapped &quot;{[/users/{id}],methods=[GET]}&quot; onto public org.springframework.http.ResponseEntity&lt;com.tannv.model.User&gt; com.tannv.controller.UserController.get(int)
May 12, 2017 4:18:34 PM org.springframework.test.web.servlet.setup.StandaloneMockMvcBuilder$StaticRequestMappingHandlerMapping register
INFO: Mapped &quot;{[/users/{id}],methods=[PUT]}&quot; onto public org.springframework.http.ResponseEntity&lt;com.tannv.model.User&gt; com.tannv.controller.UserController.update(int,com.tannv.model.User)
May 12, 2017 4:18:34 PM org.springframework.test.web.servlet.setup.StandaloneMockMvcBuilder$StaticRequestMappingHandlerMapping register
INFO: Mapped &quot;{[/users/{id}],methods=[DELETE]}&quot; onto public org.springframework.http.ResponseEntity&lt;java.lang.Void&gt; com.tannv.controller.UserController.delete(int)
May 12, 2017 4:18:34 PM org.springframework.test.web.servlet.setup.StandaloneMockMvcBuilder$StaticRequestMappingHandlerMapping register
INFO: Mapped &quot;{[/users],methods=[POST]}&quot; onto public org.springframework.http.ResponseEntity&lt;java.lang.Void&gt; com.tannv.controller.UserController.create(com.tannv.model.User,org.springframework.web.util.UriComponentsBuilder)
May 12, 2017 4:18:34 PM org.springframework.web.servlet.mvc.method.annotation.RequestMappingHandlerAdapter initControllerAdviceCache
INFO: Looking for @ControllerAdvice: org.springframework.test.web.servlet.setup.StubWebApplicationContext@3abada5a
May 12, 2017 4:18:34 PM org.springframework.mock.web.MockServletContext log
INFO: Initializing Spring FrameworkServlet &apos;&apos;
May 12, 2017 4:18:34 PM org.springframework.test.web.servlet.TestDispatcherServlet initServletBean
INFO: FrameworkServlet &apos;&apos;: initialization started
May 12, 2017 4:18:34 PM org.springframework.test.web.servlet.TestDispatcherServlet initServletBean
INFO: FrameworkServlet &apos;&apos;: initialization completed in 0 ms
May 12, 2017 4:18:34 PM org.springframework.web.servlet.mvc.support.DefaultHandlerExceptionResolver handleHttpMessageNotReadable
WARNING: Failed to read HTTP message: org.springframework.http.converter.HttpMessageNotReadableException: Could not read document: Can not construct instance of com.tannv.model.User: no suitable constructor found, can not deserialize from Object value (missing default constructor or creator, or perhaps need to add/enable type information?)
 at [Source: java.io.PushbackInputStream@32a68f4f; line: 1, column: 2]; nested exception is com.fasterxml.jackson.databind.JsonMappingException: Can not construct instance of com.tannv.model.User: no suitable constructor found, can not deserialize from Object value (missing default constructor or creator, or perhaps need to add/enable type information?)
 at [Source: java.io.PushbackInputStream@32a68f4f; line: 1, column: 2]
</system-err>
  </testcase>
  <testcase classname="com.tannv.controler.UserControllerUnitTest" name="test_delete_user_success" time="0.029"/>
  <testcase classname="com.tannv.controler.UserControllerUnitTest" name="test_update_user_success" time="0.041">
    <failure message="Status expected:&lt;200&gt; but was:&lt;400&gt;" type="java.lang.AssertionError">java.lang.AssertionError: Status expected:&lt;200&gt; but was:&lt;400&gt;
	at org.springframework.test.util.AssertionErrors.fail(AssertionErrors.java:54)
	at org.springframework.test.util.AssertionErrors.assertEquals(AssertionErrors.java:81)
	at org.springframework.test.web.servlet.result.StatusResultMatchers$10.match(StatusResultMatchers.java:664)
	at org.springframework.test.web.servlet.MockMvc$1.andExpect(MockMvc.java:171)
	at com.tannv.controler.UserControllerUnitTest.test_update_user_success(UserControllerUnitTest.java:154)
	at sun.reflect.NativeMethodAccessorImpl.invoke0(Native Method)
	at sun.reflect.NativeMethodAccessorImpl.invoke(NativeMethodAccessorImpl.java:62)
	at sun.reflect.DelegatingMethodAccessorImpl.invoke(DelegatingMethodAccessorImpl.java:43)
	at java.lang.reflect.Method.invoke(Method.java:498)
	at org.junit.runners.model.FrameworkMethod$1.runReflectiveCall(FrameworkMethod.java:50)
	at org.junit.internal.runners.model.ReflectiveCallable.run(ReflectiveCallable.java:12)
	at org.junit.runners.model.FrameworkMethod.invokeExplosively(FrameworkMethod.java:47)
	at org.junit.internal.runners.statements.InvokeMethod.evaluate(InvokeMethod.java:17)
	at org.junit.internal.runners.statements.RunBefores.evaluate(RunBefores.java:26)
	at org.junit.runners.ParentRunner.runLeaf(ParentRunner.java:325)
	at org.junit.runners.BlockJUnit4ClassRunner.runChild(BlockJUnit4ClassRunner.java:78)
	at org.junit.runners.BlockJUnit4ClassRunner.runChild(BlockJUnit4ClassRunner.java:57)
	at org.junit.runners.ParentRunner$3.run(ParentRunner.java:290)
	at org.junit.runners.ParentRunner$1.schedule(ParentRunner.java:71)
	at org.junit.runners.ParentRunner.runChildren(ParentRunner.java:288)
	at org.junit.runners.ParentRunner.access$000(ParentRunner.java:58)
	at org.junit.runners.ParentRunner$2.evaluate(ParentRunner.java:268)
	at org.junit.runners.ParentRunner.run(ParentRunner.java:363)
	at org.apache.maven.surefire.junit4.JUnit4Provider.execute(JUnit4Provider.java:252)
	at org.apache.maven.surefire.junit4.JUnit4Provider.executeTestSet(JUnit4Provider.java:141)
	at org.apache.maven.surefire.junit4.JUnit4Provider.invoke(JUnit4Provider.java:112)
	at sun.reflect.NativeMethodAccessorImpl.invoke0(Native Method)
	at sun.reflect.NativeMethodAccessorImpl.invoke(NativeMethodAccessorImpl.java:62)
	at sun.reflect.DelegatingMethodAccessorImpl.invoke(DelegatingMethodAccessorImpl.java:43)
	at java.lang.reflect.Method.invoke(Method.java:498)
	at org.apache.maven.surefire.util.ReflectionUtils.invokeMethodWithArray(ReflectionUtils.java:189)
	at org.apache.maven.surefire.booter.ProviderFactory$ProviderProxy.invoke(ProviderFactory.java:165)
	at org.apache.maven.surefire.booter.ProviderFactory.invokeProvider(ProviderFactory.java:85)
	at org.apache.maven.surefire.booter.ForkedBooter.runSuitesInProcess(ForkedBooter.java:115)
	at org.apache.maven.surefire.booter.ForkedBooter.main(ForkedBooter.java:75)
</failure>
    <system-out>16:18:34.966 [main] INFO com.tannv.fillter.CORSFilter - Adding CORS Headers ........................
</system-out>
    <system-err>May 12, 2017 4:18:34 PM org.springframework.test.web.servlet.setup.StandaloneMockMvcBuilder$StaticRequestMappingHandlerMapping register
INFO: Mapped &quot;{[/users],methods=[GET]}&quot; onto public org.springframework.http.ResponseEntity&lt;java.util.List&lt;com.tannv.model.User&gt;&gt; com.tannv.controller.UserController.getAll()
May 12, 2017 4:18:34 PM org.springframework.test.web.servlet.setup.StandaloneMockMvcBuilder$StaticRequestMappingHandlerMapping register
INFO: Mapped &quot;{[/users/{id}],methods=[GET]}&quot; onto public org.springframework.http.ResponseEntity&lt;com.tannv.model.User&gt; com.tannv.controller.UserController.get(int)
May 12, 2017 4:18:34 PM org.springframework.test.web.servlet.setup.StandaloneMockMvcBuilder$StaticRequestMappingHandlerMapping register
INFO: Mapped &quot;{[/users/{id}],methods=[PUT]}&quot; onto public org.springframework.http.ResponseEntity&lt;com.tannv.model.User&gt; com.tannv.controller.UserController.update(int,com.tannv.model.User)
May 12, 2017 4:18:34 PM org.springframework.test.web.servlet.setup.StandaloneMockMvcBuilder$StaticRequestMappingHandlerMapping register
INFO: Mapped &quot;{[/users/{id}],methods=[DELETE]}&quot; onto public org.springframework.http.ResponseEntity&lt;java.lang.Void&gt; com.tannv.controller.UserController.delete(int)
May 12, 2017 4:18:34 PM org.springframework.test.web.servlet.setup.StandaloneMockMvcBuilder$StaticRequestMappingHandlerMapping register
INFO: Mapped &quot;{[/users],methods=[POST]}&quot; onto public org.springframework.http.ResponseEntity&lt;java.lang.Void&gt; com.tannv.controller.UserController.create(com.tannv.model.User,org.springframework.web.util.UriComponentsBuilder)
May 12, 2017 4:18:34 PM org.springframework.web.servlet.mvc.method.annotation.RequestMappingHandlerAdapter initControllerAdviceCache
INFO: Looking for @ControllerAdvice: org.springframework.test.web.servlet.setup.StubWebApplicationContext@460ebd80
May 12, 2017 4:18:34 PM org.springframework.mock.web.MockServletContext log
INFO: Initializing Spring FrameworkServlet &apos;&apos;
May 12, 2017 4:18:34 PM org.springframework.test.web.servlet.TestDispatcherServlet initServletBean
INFO: FrameworkServlet &apos;&apos;: initialization started
May 12, 2017 4:18:34 PM org.springframework.test.web.servlet.TestDispatcherServlet initServletBean
INFO: FrameworkServlet &apos;&apos;: initialization completed in 0 ms
May 12, 2017 4:18:34 PM org.springframework.web.servlet.mvc.support.DefaultHandlerExceptionResolver handleHttpMessageNotReadable
WARNING: Failed to read HTTP message: org.springframework.http.converter.HttpMessageNotReadableException: Could not read document: Can not construct instance of com.tannv.model.User: no suitable constructor found, can not deserialize from Object value (missing default constructor or creator, or perhaps need to add/enable type information?)
 at [Source: java.io.PushbackInputStream@517d4a0d; line: 1, column: 2]; nested exception is com.fasterxml.jackson.databind.JsonMappingException: Can not construct instance of com.tannv.model.User: no suitable constructor found, can not deserialize from Object value (missing default constructor or creator, or perhaps need to add/enable type information?)
 at [Source: java.io.PushbackInputStream@517d4a0d; line: 1, column: 2]
</system-err>
  </testcase>
  <testcase classname="com.tannv.controler.UserControllerUnitTest" name="test_get_by_id_fail_404_not_found" time="0.017"/>
  <testcase classname="com.tannv.controler.UserControllerUnitTest" name="test_get_all_success" time="0.032">
    <failure message="Content type expected:&lt;application/json;charset=UTF-8&gt; but was:&lt;application/xml;charset=UTF-8&gt;" type="java.lang.AssertionError">java.lang.AssertionError: Content type expected:&lt;application/json;charset=UTF-8&gt; but was:&lt;application/xml;charset=UTF-8&gt;
	at org.springframework.test.util.AssertionErrors.fail(AssertionErrors.java:54)
	at org.springframework.test.util.AssertionErrors.assertEquals(AssertionErrors.java:81)
	at org.springframework.test.web.servlet.result.ContentResultMatchers$1.match(ContentResultMatchers.java:82)
	at org.springframework.test.web.servlet.MockMvc$1.andExpect(MockMvc.java:171)
	at com.tannv.controler.UserControllerUnitTest.test_get_all_success(UserControllerUnitTest.java:63)
	at sun.reflect.NativeMethodAccessorImpl.invoke0(Native Method)
	at sun.reflect.NativeMethodAccessorImpl.invoke(NativeMethodAccessorImpl.java:62)
	at sun.reflect.DelegatingMethodAccessorImpl.invoke(DelegatingMethodAccessorImpl.java:43)
	at java.lang.reflect.Method.invoke(Method.java:498)
	at org.junit.runners.model.FrameworkMethod$1.runReflectiveCall(FrameworkMethod.java:50)
	at org.junit.internal.runners.model.ReflectiveCallable.run(ReflectiveCallable.java:12)
	at org.junit.runners.model.FrameworkMethod.invokeExplosively(FrameworkMethod.java:47)
	at org.junit.internal.runners.statements.InvokeMethod.evaluate(InvokeMethod.java:17)
	at org.junit.internal.runners.statements.RunBefores.evaluate(RunBefores.java:26)
	at org.junit.runners.ParentRunner.runLeaf(ParentRunner.java:325)
	at org.junit.runners.BlockJUnit4ClassRunner.runChild(BlockJUnit4ClassRunner.java:78)
	at org.junit.runners.BlockJUnit4ClassRunner.runChild(BlockJUnit4ClassRunner.java:57)
	at org.junit.runners.ParentRunner$3.run(ParentRunner.java:290)
	at org.junit.runners.ParentRunner$1.schedule(ParentRunner.java:71)
	at org.junit.runners.ParentRunner.runChildren(ParentRunner.java:288)
	at org.junit.runners.ParentRunner.access$000(ParentRunner.java:58)
	at org.junit.runners.ParentRunner$2.evaluate(ParentRunner.java:268)
	at org.junit.runners.ParentRunner.run(ParentRunner.java:363)
	at org.apache.maven.surefire.junit4.JUnit4Provider.execute(JUnit4Provider.java:252)
	at org.apache.maven.surefire.junit4.JUnit4Provider.executeTestSet(JUnit4Provider.java:141)
	at org.apache.maven.surefire.junit4.JUnit4Provider.invoke(JUnit4Provider.java:112)
	at sun.reflect.NativeMethodAccessorImpl.invoke0(Native Method)
	at sun.reflect.NativeMethodAccessorImpl.invoke(NativeMethodAccessorImpl.java:62)
	at sun.reflect.DelegatingMethodAccessorImpl.invoke(DelegatingMethodAccessorImpl.java:43)
	at java.lang.reflect.Method.invoke(Method.java:498)
	at org.apache.maven.surefire.util.ReflectionUtils.invokeMethodWithArray(ReflectionUtils.java:189)
	at org.apache.maven.surefire.booter.ProviderFactory$ProviderProxy.invoke(ProviderFactory.java:165)
	at org.apache.maven.surefire.booter.ProviderFactory.invokeProvider(ProviderFactory.java:85)
	at org.apache.maven.surefire.booter.ForkedBooter.runSuitesInProcess(ForkedBooter.java:115)
	at org.apache.maven.surefire.booter.ForkedBooter.main(ForkedBooter.java:75)
</failure>
    <system-out>16:18:35.023 [main] INFO com.tannv.fillter.CORSFilter - Adding CORS Headers ........................
16:18:35.024 [main] INFO com.tannv.controller.UserController - getting all users
</system-out>
    <system-err>May 12, 2017 4:18:35 PM org.springframework.test.web.servlet.setup.StandaloneMockMvcBuilder$StaticRequestMappingHandlerMapping register
INFO: Mapped &quot;{[/users],methods=[GET]}&quot; onto public org.springframework.http.ResponseEntity&lt;java.util.List&lt;com.tannv.model.User&gt;&gt; com.tannv.controller.UserController.getAll()
May 12, 2017 4:18:35 PM org.springframework.test.web.servlet.setup.StandaloneMockMvcBuilder$StaticRequestMappingHandlerMapping register
INFO: Mapped &quot;{[/users/{id}],methods=[GET]}&quot; onto public org.springframework.http.ResponseEntity&lt;com.tannv.model.User&gt; com.tannv.controller.UserController.get(int)
May 12, 2017 4:18:35 PM org.springframework.test.web.servlet.setup.StandaloneMockMvcBuilder$StaticRequestMappingHandlerMapping register
INFO: Mapped &quot;{[/users/{id}],methods=[PUT]}&quot; onto public org.springframework.http.ResponseEntity&lt;com.tannv.model.User&gt; com.tannv.controller.UserController.update(int,com.tannv.model.User)
May 12, 2017 4:18:35 PM org.springframework.test.web.servlet.setup.StandaloneMockMvcBuilder$StaticRequestMappingHandlerMapping register
INFO: Mapped &quot;{[/users/{id}],methods=[DELETE]}&quot; onto public org.springframework.http.ResponseEntity&lt;java.lang.Void&gt; com.tannv.controller.UserController.delete(int)
May 12, 2017 4:18:35 PM org.springframework.test.web.servlet.setup.StandaloneMockMvcBuilder$StaticRequestMappingHandlerMapping register
INFO: Mapped &quot;{[/users],methods=[POST]}&quot; onto public org.springframework.http.ResponseEntity&lt;java.lang.Void&gt; com.tannv.controller.UserController.create(com.tannv.model.User,org.springframework.web.util.UriComponentsBuilder)
May 12, 2017 4:18:35 PM org.springframework.web.servlet.mvc.method.annotation.RequestMappingHandlerAdapter initControllerAdviceCache
INFO: Looking for @ControllerAdvice: org.springframework.test.web.servlet.setup.StubWebApplicationContext@5dcd8c7a
May 12, 2017 4:18:35 PM org.springframework.mock.web.MockServletContext log
INFO: Initializing Spring FrameworkServlet &apos;&apos;
May 12, 2017 4:18:35 PM org.springframework.test.web.servlet.TestDispatcherServlet initServletBean
INFO: FrameworkServlet &apos;&apos;: initialization started
May 12, 2017 4:18:35 PM org.springframework.test.web.servlet.TestDispatcherServlet initServletBean
INFO: FrameworkServlet &apos;&apos;: initialization completed in 1 ms
</system-err>
  </testcase>
  <testcase classname="com.tannv.controler.UserControllerUnitTest" name="test_delete_user_fail_404_not_found" time="0.02"/>
  <testcase classname="com.tannv.controler.UserControllerUnitTest" name="test_create_user_success" time="0.027">
    <failure message="Status expected:&lt;201&gt; but was:&lt;400&gt;" type="java.lang.AssertionError">java.lang.AssertionError: Status expected:&lt;201&gt; but was:&lt;400&gt;
	at org.springframework.test.util.AssertionErrors.fail(AssertionErrors.java:54)
	at org.springframework.test.util.AssertionErrors.assertEquals(AssertionErrors.java:81)
	at org.springframework.test.web.servlet.result.StatusResultMatchers$10.match(StatusResultMatchers.java:664)
	at org.springframework.test.web.servlet.MockMvc$1.andExpect(MockMvc.java:171)
	at com.tannv.controler.UserControllerUnitTest.test_create_user_success(UserControllerUnitTest.java:117)
	at sun.reflect.NativeMethodAccessorImpl.invoke0(Native Method)
	at sun.reflect.NativeMethodAccessorImpl.invoke(NativeMethodAccessorImpl.java:62)
	at sun.reflect.DelegatingMethodAccessorImpl.invoke(DelegatingMethodAccessorImpl.java:43)
	at java.lang.reflect.Method.invoke(Method.java:498)
	at org.junit.runners.model.FrameworkMethod$1.runReflectiveCall(FrameworkMethod.java:50)
	at org.junit.internal.runners.model.ReflectiveCallable.run(ReflectiveCallable.java:12)
	at org.junit.runners.model.FrameworkMethod.invokeExplosively(FrameworkMethod.java:47)
	at org.junit.internal.runners.statements.InvokeMethod.evaluate(InvokeMethod.java:17)
	at org.junit.internal.runners.statements.RunBefores.evaluate(RunBefores.java:26)
	at org.junit.runners.ParentRunner.runLeaf(ParentRunner.java:325)
	at org.junit.runners.BlockJUnit4ClassRunner.runChild(BlockJUnit4ClassRunner.java:78)
	at org.junit.runners.BlockJUnit4ClassRunner.runChild(BlockJUnit4ClassRunner.java:57)
	at org.junit.runners.ParentRunner$3.run(ParentRunner.java:290)
	at org.junit.runners.ParentRunner$1.schedule(ParentRunner.java:71)
	at org.junit.runners.ParentRunner.runChildren(ParentRunner.java:288)
	at org.junit.runners.ParentRunner.access$000(ParentRunner.java:58)
	at org.junit.runners.ParentRunner$2.evaluate(ParentRunner.java:268)
	at org.junit.runners.ParentRunner.run(ParentRunner.java:363)
	at org.apache.maven.surefire.junit4.JUnit4Provider.execute(JUnit4Provider.java:252)
	at org.apache.maven.surefire.junit4.JUnit4Provider.executeTestSet(JUnit4Provider.java:141)
	at org.apache.maven.surefire.junit4.JUnit4Provider.invoke(JUnit4Provider.java:112)
	at sun.reflect.NativeMethodAccessorImpl.invoke0(Native Method)
	at sun.reflect.NativeMethodAccessorImpl.invoke(NativeMethodAccessorImpl.java:62)
	at sun.reflect.DelegatingMethodAccessorImpl.invoke(DelegatingMethodAccessorImpl.java:43)
	at java.lang.reflect.Method.invoke(Method.java:498)
	at org.apache.maven.surefire.util.ReflectionUtils.invokeMethodWithArray(ReflectionUtils.java:189)
	at org.apache.maven.surefire.booter.ProviderFactory$ProviderProxy.invoke(ProviderFactory.java:165)
	at org.apache.maven.surefire.booter.ProviderFactory.invokeProvider(ProviderFactory.java:85)
	at org.apache.maven.surefire.booter.ForkedBooter.runSuitesInProcess(ForkedBooter.java:115)
	at org.apache.maven.surefire.booter.ForkedBooter.main(ForkedBooter.java:75)
</failure>
    <system-out>16:18:35.075 [main] INFO com.tannv.fillter.CORSFilter - Adding CORS Headers ........................
</system-out>
    <system-err>May 12, 2017 4:18:35 PM org.springframework.test.web.servlet.setup.StandaloneMockMvcBuilder$StaticRequestMappingHandlerMapping register
INFO: Mapped &quot;{[/users],methods=[GET]}&quot; onto public org.springframework.http.ResponseEntity&lt;java.util.List&lt;com.tannv.model.User&gt;&gt; com.tannv.controller.UserController.getAll()
May 12, 2017 4:18:35 PM org.springframework.test.web.servlet.setup.StandaloneMockMvcBuilder$StaticRequestMappingHandlerMapping register
INFO: Mapped &quot;{[/users/{id}],methods=[GET]}&quot; onto public org.springframework.http.ResponseEntity&lt;com.tannv.model.User&gt; com.tannv.controller.UserController.get(int)
May 12, 2017 4:18:35 PM org.springframework.test.web.servlet.setup.StandaloneMockMvcBuilder$StaticRequestMappingHandlerMapping register
INFO: Mapped &quot;{[/users/{id}],methods=[PUT]}&quot; onto public org.springframework.http.ResponseEntity&lt;com.tannv.model.User&gt; com.tannv.controller.UserController.update(int,com.tannv.model.User)
May 12, 2017 4:18:35 PM org.springframework.test.web.servlet.setup.StandaloneMockMvcBuilder$StaticRequestMappingHandlerMapping register
INFO: Mapped &quot;{[/users/{id}],methods=[DELETE]}&quot; onto public org.springframework.http.ResponseEntity&lt;java.lang.Void&gt; com.tannv.controller.UserController.delete(int)
May 12, 2017 4:18:35 PM org.springframework.test.web.servlet.setup.StandaloneMockMvcBuilder$StaticRequestMappingHandlerMapping register
INFO: Mapped &quot;{[/users],methods=[POST]}&quot; onto public org.springframework.http.ResponseEntity&lt;java.lang.Void&gt; com.tannv.controller.UserController.create(com.tannv.model.User,org.springframework.web.util.UriComponentsBuilder)
May 12, 2017 4:18:35 PM org.springframework.web.servlet.mvc.method.annotation.RequestMappingHandlerAdapter initControllerAdviceCache
INFO: Looking for @ControllerAdvice: org.springframework.test.web.servlet.setup.StubWebApplicationContext@35229f85
May 12, 2017 4:18:35 PM org.springframework.mock.web.MockServletContext log
INFO: Initializing Spring FrameworkServlet &apos;&apos;
May 12, 2017 4:18:35 PM org.springframework.test.web.servlet.TestDispatcherServlet initServletBean
INFO: FrameworkServlet &apos;&apos;: initialization started
May 12, 2017 4:18:35 PM org.springframework.test.web.servlet.TestDispatcherServlet initServletBean
INFO: FrameworkServlet &apos;&apos;: initialization completed in 1 ms
May 12, 2017 4:18:35 PM org.springframework.web.servlet.mvc.support.DefaultHandlerExceptionResolver handleHttpMessageNotReadable
WARNING: Failed to read HTTP message: org.springframework.http.converter.HttpMessageNotReadableException: Could not read document: Can not construct instance of com.tannv.model.User: no suitable constructor found, can not deserialize from Object value (missing default constructor or creator, or perhaps need to add/enable type information?)
 at [Source: java.io.PushbackInputStream@737a135b; line: 1, column: 2]; nested exception is com.fasterxml.jackson.databind.JsonMappingException: Can not construct instance of com.tannv.model.User: no suitable constructor found, can not deserialize from Object value (missing default constructor or creator, or perhaps need to add/enable type information?)
 at [Source: java.io.PushbackInputStream@737a135b; line: 1, column: 2]
</system-err>
  </testcase>
  <testcase classname="com.tannv.controler.UserControllerUnitTest" name="test_cors_headers" time="0.02"/>
  <testcase classname="com.tannv.controler.UserControllerUnitTest" name="test_update_user_fail_404_not_found" time="0.025">
    <failure message="Status expected:&lt;404&gt; but was:&lt;400&gt;" type="java.lang.AssertionError">java.lang.AssertionError: Status expected:&lt;404&gt; but was:&lt;400&gt;
	at org.springframework.test.util.AssertionErrors.fail(AssertionErrors.java:54)
	at org.springframework.test.util.AssertionErrors.assertEquals(AssertionErrors.java:81)
	at org.springframework.test.web.servlet.result.StatusResultMatchers$10.match(StatusResultMatchers.java:664)
	at org.springframework.test.web.servlet.MockMvc$1.andExpect(MockMvc.java:171)
	at com.tannv.controler.UserControllerUnitTest.test_update_user_fail_404_not_found(UserControllerUnitTest.java:171)
	at sun.reflect.NativeMethodAccessorImpl.invoke0(Native Method)
	at sun.reflect.NativeMethodAccessorImpl.invoke(NativeMethodAccessorImpl.java:62)
	at sun.reflect.DelegatingMethodAccessorImpl.invoke(DelegatingMethodAccessorImpl.java:43)
	at java.lang.reflect.Method.invoke(Method.java:498)
	at org.junit.runners.model.FrameworkMethod$1.runReflectiveCall(FrameworkMethod.java:50)
	at org.junit.internal.runners.model.ReflectiveCallable.run(ReflectiveCallable.java:12)
	at org.junit.runners.model.FrameworkMethod.invokeExplosively(FrameworkMethod.java:47)
	at org.junit.internal.runners.statements.InvokeMethod.evaluate(InvokeMethod.java:17)
	at org.junit.internal.runners.statements.RunBefores.evaluate(RunBefores.java:26)
	at org.junit.runners.ParentRunner.runLeaf(ParentRunner.java:325)
	at org.junit.runners.BlockJUnit4ClassRunner.runChild(BlockJUnit4ClassRunner.java:78)
	at org.junit.runners.BlockJUnit4ClassRunner.runChild(BlockJUnit4ClassRunner.java:57)
	at org.junit.runners.ParentRunner$3.run(ParentRunner.java:290)
	at org.junit.runners.ParentRunner$1.schedule(ParentRunner.java:71)
	at org.junit.runners.ParentRunner.runChildren(ParentRunner.java:288)
	at org.junit.runners.ParentRunner.access$000(ParentRunner.java:58)
	at org.junit.runners.ParentRunner$2.evaluate(ParentRunner.java:268)
	at org.junit.runners.ParentRunner.run(ParentRunner.java:363)
	at org.apache.maven.surefire.junit4.JUnit4Provider.execute(JUnit4Provider.java:252)
	at org.apache.maven.surefire.junit4.JUnit4Provider.executeTestSet(JUnit4Provider.java:141)
	at org.apache.maven.surefire.junit4.JUnit4Provider.invoke(JUnit4Provider.java:112)
	at sun.reflect.NativeMethodAccessorImpl.invoke0(Native Method)
	at sun.reflect.NativeMethodAccessorImpl.invoke(NativeMethodAccessorImpl.java:62)
	at sun.reflect.DelegatingMethodAccessorImpl.invoke(DelegatingMethodAccessorImpl.java:43)
	at java.lang.reflect.Method.invoke(Method.java:498)
	at org.apache.maven.surefire.util.ReflectionUtils.invokeMethodWithArray(ReflectionUtils.java:189)
	at org.apache.maven.surefire.booter.ProviderFactory$ProviderProxy.invoke(ProviderFactory.java:165)
	at org.apache.maven.surefire.booter.ProviderFactory.invokeProvider(ProviderFactory.java:85)
	at org.apache.maven.surefire.booter.ForkedBooter.runSuitesInProcess(ForkedBooter.java:115)
	at org.apache.maven.surefire.booter.ForkedBooter.main(ForkedBooter.java:75)
</failure>
    <system-out>16:18:35.121 [main] INFO com.tannv.fillter.CORSFilter - Adding CORS Headers ........................
</system-out>
    <system-err>May 12, 2017 4:18:35 PM org.springframework.test.web.servlet.setup.StandaloneMockMvcBuilder$StaticRequestMappingHandlerMapping register
INFO: Mapped &quot;{[/users],methods=[GET]}&quot; onto public org.springframework.http.ResponseEntity&lt;java.util.List&lt;com.tannv.model.User&gt;&gt; com.tannv.controller.UserController.getAll()
May 12, 2017 4:18:35 PM org.springframework.test.web.servlet.setup.StandaloneMockMvcBuilder$StaticRequestMappingHandlerMapping register
INFO: Mapped &quot;{[/users/{id}],methods=[GET]}&quot; onto public org.springframework.http.ResponseEntity&lt;com.tannv.model.User&gt; com.tannv.controller.UserController.get(int)
May 12, 2017 4:18:35 PM org.springframework.test.web.servlet.setup.StandaloneMockMvcBuilder$StaticRequestMappingHandlerMapping register
INFO: Mapped &quot;{[/users/{id}],methods=[PUT]}&quot; onto public org.springframework.http.ResponseEntity&lt;com.tannv.model.User&gt; com.tannv.controller.UserController.update(int,com.tannv.model.User)
May 12, 2017 4:18:35 PM org.springframework.test.web.servlet.setup.StandaloneMockMvcBuilder$StaticRequestMappingHandlerMapping register
INFO: Mapped &quot;{[/users/{id}],methods=[DELETE]}&quot; onto public org.springframework.http.ResponseEntity&lt;java.lang.Void&gt; com.tannv.controller.UserController.delete(int)
May 12, 2017 4:18:35 PM org.springframework.test.web.servlet.setup.StandaloneMockMvcBuilder$StaticRequestMappingHandlerMapping register
INFO: Mapped &quot;{[/users],methods=[POST]}&quot; onto public org.springframework.http.ResponseEntity&lt;java.lang.Void&gt; com.tannv.controller.UserController.create(com.tannv.model.User,org.springframework.web.util.UriComponentsBuilder)
May 12, 2017 4:18:35 PM org.springframework.web.servlet.mvc.method.annotation.RequestMappingHandlerAdapter initControllerAdviceCache
INFO: Looking for @ControllerAdvice: org.springframework.test.web.servlet.setup.StubWebApplicationContext@4b6690c0
May 12, 2017 4:18:35 PM org.springframework.mock.web.MockServletContext log
INFO: Initializing Spring FrameworkServlet &apos;&apos;
May 12, 2017 4:18:35 PM org.springframework.test.web.servlet.TestDispatcherServlet initServletBean
INFO: FrameworkServlet &apos;&apos;: initialization started
May 12, 2017 4:18:35 PM org.springframework.test.web.servlet.TestDispatcherServlet initServletBean
INFO: FrameworkServlet &apos;&apos;: initialization completed in 0 ms
May 12, 2017 4:18:35 PM org.springframework.web.servlet.mvc.support.DefaultHandlerExceptionResolver handleHttpMessageNotReadable
WARNING: Failed to read HTTP message: org.springframework.http.converter.HttpMessageNotReadableException: Could not read document: Can not construct instance of com.tannv.model.User: no suitable constructor found, can not deserialize from Object value (missing default constructor or creator, or perhaps need to add/enable type information?)
 at [Source: java.io.PushbackInputStream@13d73fa; line: 1, column: 2]; nested exception is com.fasterxml.jackson.databind.JsonMappingException: Can not construct instance of com.tannv.model.User: no suitable constructor found, can not deserialize from Object value (missing default constructor or creator, or perhaps need to add/enable type information?)
 at [Source: java.io.PushbackInputStream@13d73fa; line: 1, column: 2]
</system-err>
  </testcase>
</testsuite>