<!DOCTYPE html PUBLIC "-//W3C//DTD XHTML 1.0 Transitional//EN" "http://www.w3.org/TR/xhtml1/DTD/xhtml1-transitional.dtd">
<!-- Generated by Apache Maven Doxia Site Renderer 1.6 at 2017-05-12 -->
<html xmlns="http://www.w3.org/1999/xhtml" xml:lang="en" lang="en">
  <head>
    <meta http-equiv="Content-Type" content="text/html; charset=UTF-8" />
    <title>Surefire Report</title>
    <style type="text/css" media="all">
      @import url("./css/maven-base.css");
      @import url("./css/maven-theme.css");
      @import url("./css/site.css");
    </style>
    <link rel="stylesheet" href="./css/print.css" type="text/css" media="print" />
    <meta name="Date-Revision-yyyymmdd" content="20170512" />
    <meta http-equiv="Content-Language" content="en" />
        
        </head>
  <body class="composite">
    <div id="banner">
                      <div class="clear">
        <hr/>
      </div>
    </div>
    <div id="breadcrumbs">
            
                    
                <div class="xleft">
        <span id="publishDate">Last Published: 2017-05-12</span>
                  &nbsp;| <span id="projectVersion">Version: 1.0.0-SNAPSHOT</span>
                      </div>
            <div class="xright">        
                    
      </div>
      <div class="clear">
        <hr/>
      </div>
    </div>
    <div id="leftColumn">
      <div id="navcolumn">
             
                    
                                      <a href="http://maven.apache.org/" title="Built by Maven" class="poweredBy">
        <img class="poweredBy" alt="Built by Maven" src="./images/logos/maven-feather.png" />
      </a>
                   
                    
            </div>
    </div>
    <div id="bodyColumn">
      <div id="contentBox">
        <script type="text/javascript">
//<![CDATA[
function toggleDisplay(elementId) {
 var elm = document.getElementById(elementId + 'error');
 if (elm && typeof elm.style != "undefined") {
 if (elm.style.display == "none") {
 elm.style.display = "";
 document.getElementById(elementId + 'off').style.display = "none";
 document.getElementById(elementId + 'on').style.display = "inline";
 } else if (elm.style.display == "") { elm.style.display = "none";
 document.getElementById(elementId + 'off').style.display = "inline";
 document.getElementById(elementId + 'on').style.display = "none";
 } 
 } 
 }
//]]>
</script>
<div class="section">
<h2><a name="Surefire_Report"></a>Surefire Report</h2></div>
<div class="section">
<h2><a name="Summary"></a>Summary</h2><a name="Summary"></a>
<p>[<a href="#Summary">Summary</a>] [<a href="#Package_List">Package List</a>] [<a href="#Test_Cases">Test Cases</a>]</p><br />
<table border="1" class="bodyTable">
<tr class="a">
<th>Tests</th>
<th>Errors </th>
<th>Failures</th>
<th>Skipped</th>
<th>Success Rate</th>
<th>Time</th></tr>
<tr class="b">
<td>10</td>
<td>0</td>
<td>6</td>
<td>0</td>
<td>40%</td>
<td>0.911</td></tr></table><br />
<p>Note: failures are anticipated and checked for with assertions while errors are unanticipated.</p><br /></div>
<div class="section">
<h2><a name="Package_List"></a>Package List</h2><a name="Package_List"></a>
<p>[<a href="#Summary">Summary</a>] [<a href="#Package_List">Package List</a>] [<a href="#Test_Cases">Test Cases</a>]</p><br />
<table border="1" class="bodyTable">
<tr class="a">
<th>Package</th>
<th>Tests</th>
<th>Errors </th>
<th>Failures</th>
<th>Skipped</th>
<th>Success Rate</th>
<th>Time</th></tr>
<tr class="b">
<td><a href="#com.tannv.controler">com.tannv.controler</a></td>
<td>10</td>
<td>0</td>
<td>6</td>
<td>0</td>
<td>40%</td>
<td>0.911</td></tr></table><br />
<p>Note: package statistics are not computed recursively, they only sum up all of its testsuites numbers.</p>
<div class="section">
<h3><a name="com.tannv.controler"></a>com.tannv.controler</h3><a name="com.tannv.controler"></a>
<table border="1" class="bodyTable">
<tr class="a">
<th></th>
<th>Class</th>
<th>Tests</th>
<th>Errors </th>
<th>Failures</th>
<th>Skipped</th>
<th>Success Rate</th>
<th>Time</th></tr>
<tr class="b">
<td><a href="#com.tannv.controlerUserControllerUnitTest"><img src="images/icon_warning_sml.gif" alt="" /></a></td>
<td><a href="#com.tannv.controlerUserControllerUnitTest">UserControllerUnitTest</a></td>
<td>10</td>
<td>0</td>
<td>6</td>
<td>0</td>
<td>40%</td>
<td>0.911</td></tr></table></div><br /></div>
<div class="section">
<h2><a name="Test_Cases"></a>Test Cases</h2><a name="Test_Cases"></a>
<p>[<a href="#Summary">Summary</a>] [<a href="#Package_List">Package List</a>] [<a href="#Test_Cases">Test Cases</a>]</p>
<div class="section">
<h3><a name="UserControllerUnitTest"></a>UserControllerUnitTest</h3><a name="com.tannv.controlerUserControllerUnitTest"></a>
<table border="1" class="bodyTable">
<tr class="a">
<td><a href="#com.tannv.controler.UserControllerUnitTest.test_get_by_id_success"><img src="images/icon_error_sml.gif" alt="" /></a></td>
<td><a name="TC_com.tannv.controler.UserControllerUnitTest.test_get_by_id_success"></a><a href="#com.tannv.controler.UserControllerUnitTest.test_get_by_id_success">test_get_by_id_success</a>
<div class="detailToggle" style="display:inline"><a href="javascript:toggleDisplay(&apos;com.tannv.controler.UserControllerUnitTest.test_get_by_id_success&apos;);"><span style="display:inline;" id="com.tannv.controler.UserControllerUnitTest.test_get_by_id_successoff"> + </span><span style="display:none;" id="com.tannv.controler.UserControllerUnitTest.test_get_by_id_successon"> - </span>[ Detail ]</a></div></td>
<td>0.641</td></tr>
<tr class="b">
<td></td>
<td>Content type expected:&lt;application/json;charset=UTF-8&gt; but was:&lt;application/xml;charset=UTF-8&gt;</td>
<td></td></tr>
<tr class="a">
<td></td>
<td>
<div id="com.tannv.controler.UserControllerUnitTest.test_get_by_id_successerror" style="display:none;">
<div>
<pre>java.lang.AssertionError: Content type expected:&lt;application/json;charset=UTF-8&gt; but was:&lt;application/xml;charset=UTF-8&gt;
	at org.springframework.test.util.AssertionErrors.fail(AssertionErrors.java:54)
	at org.springframework.test.util.AssertionErrors.assertEquals(AssertionErrors.java:81)
	at org.springframework.test.web.servlet.result.ContentResultMatchers$1.match(ContentResultMatchers.java:82)
	at org.springframework.test.web.servlet.MockMvc$1.andExpect(MockMvc.java:171)
	at com.tannv.controler.UserControllerUnitTest.test_get_by_id_success(UserControllerUnitTest.java:84)
	at sun.reflect.NativeMethodAccessorImpl.invoke0(Native Method)
	at sun.reflect.NativeMethodAccessorImpl.invoke(NativeMethodAccessorImpl.java:62)
	at sun.reflect.DelegatingMethodAccessorImpl.invoke(DelegatingMethodAccessorImpl.java:43)
	at java.lang.reflect.Method.invoke(Method.java:498)
	at org.junit.runners.model.FrameworkMethod$1.runReflectiveCall(FrameworkMethod.java:50)
	at org.junit.internal.runners.model.ReflectiveCallable.run(ReflectiveCallable.java:12)
	at org.junit.runners.model.FrameworkMethod.invokeExplosively(FrameworkMethod.java:47)
	at org.junit.internal.runners.statements.InvokeMethod.evaluate(InvokeMethod.java:17)
	at org.junit.internal.runners.statements.RunBefores.evaluate(RunBefores.java:26)
	at org.junit.runners.ParentRunner.runLeaf(ParentRunner.java:325)
	at org.junit.runners.BlockJUnit4ClassRunner.runChild(BlockJUnit4ClassRunner.java:78)
	at org.junit.runners.BlockJUnit4ClassRunner.runChild(BlockJUnit4ClassRunner.java:57)
	at org.junit.runners.ParentRunner$3.run(ParentRunner.java:290)
	at org.junit.runners.ParentRunner$1.schedule(ParentRunner.java:71)
	at org.junit.runners.ParentRunner.runChildren(ParentRunner.java:288)
	at org.junit.runners.ParentRunner.access$000(ParentRunner.java:58)
	at org.junit.runners.ParentRunner$2.evaluate(ParentRunner.java:268)
	at org.junit.runners.ParentRunner.run(ParentRunner.java:363)
	at org.apache.maven.surefire.junit4.JUnit4Provider.execute(JUnit4Provider.java:252)
	at org.apache.maven.surefire.junit4.JUnit4Provider.executeTestSet(JUnit4Provider.java:141)
	at org.apache.maven.surefire.junit4.JUnit4Provider.invoke(JUnit4Provider.java:112)
	at sun.reflect.NativeMethodAccessorImpl.invoke0(Native Method)
	at sun.reflect.NativeMethodAccessorImpl.invoke(NativeMethodAccessorImpl.java:62)
	at sun.reflect.DelegatingMethodAccessorImpl.invoke(DelegatingMethodAccessorImpl.java:43)
	at java.lang.reflect.Method.invoke(Method.java:498)
	at org.apache.maven.surefire.util.ReflectionUtils.invokeMethodWithArray(ReflectionUtils.java:189)
	at org.apache.maven.surefire.booter.ProviderFactory$ProviderProxy.invoke(ProviderFactory.java:165)
	at org.apache.maven.surefire.booter.ProviderFactory.invokeProvider(ProviderFactory.java:85)
	at org.apache.maven.surefire.booter.ForkedBooter.runSuitesInProcess(ForkedBooter.java:115)
	at org.apache.maven.surefire.booter.ForkedBooter.main(ForkedBooter.java:75)</pre></div></div></td>
<td></td></tr>
<tr class="b">
<td><a href="#com.tannv.controler.UserControllerUnitTest.test_create_user_fail_409_conflict"><img src="images/icon_error_sml.gif" alt="" /></a></td>
<td><a name="TC_com.tannv.controler.UserControllerUnitTest.test_create_user_fail_409_conflict"></a><a href="#com.tannv.controler.UserControllerUnitTest.test_create_user_fail_409_conflict">test_create_user_fail_409_conflict</a>
<div class="detailToggle" style="display:inline"><a href="javascript:toggleDisplay(&apos;com.tannv.controler.UserControllerUnitTest.test_create_user_fail_409_conflict&apos;);"><span style="display:inline;" id="com.tannv.controler.UserControllerUnitTest.test_create_user_fail_409_conflictoff"> + </span><span style="display:none;" id="com.tannv.controler.UserControllerUnitTest.test_create_user_fail_409_conflicton"> - </span>[ Detail ]</a></div></td>
<td>0.059</td></tr>
<tr class="a">
<td></td>
<td>Status expected:&lt;409&gt; but was:&lt;400&gt;</td>
<td></td></tr>
<tr class="b">
<td></td>
<td>
<div id="com.tannv.controler.UserControllerUnitTest.test_create_user_fail_409_conflicterror" style="display:none;">
<div>
<pre>java.lang.AssertionError: Status expected:&lt;409&gt; but was:&lt;400&gt;
	at org.springframework.test.util.AssertionErrors.fail(AssertionErrors.java:54)
	at org.springframework.test.util.AssertionErrors.assertEquals(AssertionErrors.java:81)
	at org.springframework.test.web.servlet.result.StatusResultMatchers$10.match(StatusResultMatchers.java:664)
	at org.springframework.test.web.servlet.MockMvc$1.andExpect(MockMvc.java:171)
	at com.tannv.controler.UserControllerUnitTest.test_create_user_fail_409_conflict(UserControllerUnitTest.java:135)
	at sun.reflect.NativeMethodAccessorImpl.invoke0(Native Method)
	at sun.reflect.NativeMethodAccessorImpl.invoke(NativeMethodAccessorImpl.java:62)
	at sun.reflect.DelegatingMethodAccessorImpl.invoke(DelegatingMethodAccessorImpl.java:43)
	at java.lang.reflect.Method.invoke(Method.java:498)
	at org.junit.runners.model.FrameworkMethod$1.runReflectiveCall(FrameworkMethod.java:50)
	at org.junit.internal.runners.model.ReflectiveCallable.run(ReflectiveCallable.java:12)
	at org.junit.runners.model.FrameworkMethod.invokeExplosively(FrameworkMethod.java:47)
	at org.junit.internal.runners.statements.InvokeMethod.evaluate(InvokeMethod.java:17)
	at org.junit.internal.runners.statements.RunBefores.evaluate(RunBefores.java:26)
	at org.junit.runners.ParentRunner.runLeaf(ParentRunner.java:325)
	at org.junit.runners.BlockJUnit4ClassRunner.runChild(BlockJUnit4ClassRunner.java:78)
	at org.junit.runners.BlockJUnit4ClassRunner.runChild(BlockJUnit4ClassRunner.java:57)
	at org.junit.runners.ParentRunner$3.run(ParentRunner.java:290)
	at org.junit.runners.ParentRunner$1.schedule(ParentRunner.java:71)
	at org.junit.runners.ParentRunner.runChildren(ParentRunner.java:288)
	at org.junit.runners.ParentRunner.access$000(ParentRunner.java:58)
	at org.junit.runners.ParentRunner$2.evaluate(ParentRunner.java:268)
	at org.junit.runners.ParentRunner.run(ParentRunner.java:363)
	at org.apache.maven.surefire.junit4.JUnit4Provider.execute(JUnit4Provider.java:252)
	at org.apache.maven.surefire.junit4.JUnit4Provider.executeTestSet(JUnit4Provider.java:141)
	at org.apache.maven.surefire.junit4.JUnit4Provider.invoke(JUnit4Provider.java:112)
	at sun.reflect.NativeMethodAccessorImpl.invoke0(Native Method)
	at sun.reflect.NativeMethodAccessorImpl.invoke(NativeMethodAccessorImpl.java:62)
	at sun.reflect.DelegatingMethodAccessorImpl.invoke(DelegatingMethodAccessorImpl.java:43)
	at java.lang.reflect.Method.invoke(Method.java:498)
	at org.apache.maven.surefire.util.ReflectionUtils.invokeMethodWithArray(ReflectionUtils.java:189)
	at org.apache.maven.surefire.booter.ProviderFactory$ProviderProxy.invoke(ProviderFactory.java:165)
	at org.apache.maven.surefire.booter.ProviderFactory.invokeProvider(ProviderFactory.java:85)
	at org.apache.maven.surefire.booter.ForkedBooter.runSuitesInProcess(ForkedBooter.java:115)
	at org.apache.maven.surefire.booter.ForkedBooter.main(ForkedBooter.java:75)</pre></div></div></td>
<td></td></tr>
<tr class="a">
<td><img src="images/icon_success_sml.gif" alt="" /></td>
<td><a name="TC_com.tannv.controler.UserControllerUnitTest.test_delete_user_success"></a>test_delete_user_success</td>
<td>0.029</td></tr>
<tr class="b">
<td><a href="#com.tannv.controler.UserControllerUnitTest.test_update_user_success"><img src="images/icon_error_sml.gif" alt="" /></a></td>
<td><a name="TC_com.tannv.controler.UserControllerUnitTest.test_update_user_success"></a><a href="#com.tannv.controler.UserControllerUnitTest.test_update_user_success">test_update_user_success</a>
<div class="detailToggle" style="display:inline"><a href="javascript:toggleDisplay(&apos;com.tannv.controler.UserControllerUnitTest.test_update_user_success&apos;);"><span style="display:inline;" id="com.tannv.controler.UserControllerUnitTest.test_update_user_successoff"> + </span><span style="display:none;" id="com.tannv.controler.UserControllerUnitTest.test_update_user_successon"> - </span>[ Detail ]</a></div></td>
<td>0.041</td></tr>
<tr class="a">
<td></td>
<td>Status expected:&lt;200&gt; but was:&lt;400&gt;</td>
<td></td></tr>
<tr class="b">
<td></td>
<td>
<div id="com.tannv.controler.UserControllerUnitTest.test_update_user_successerror" style="display:none;">
<div>
<pre>java.lang.AssertionError: Status expected:&lt;200&gt; but was:&lt;400&gt;
	at org.springframework.test.util.AssertionErrors.fail(AssertionErrors.java:54)
	at org.springframework.test.util.AssertionErrors.assertEquals(AssertionErrors.java:81)
	at org.springframework.test.web.servlet.result.StatusResultMatchers$10.match(StatusResultMatchers.java:664)
	at org.springframework.test.web.servlet.MockMvc$1.andExpect(MockMvc.java:171)
	at com.tannv.controler.UserControllerUnitTest.test_update_user_success(UserControllerUnitTest.java:154)
	at sun.reflect.NativeMethodAccessorImpl.invoke0(Native Method)
	at sun.reflect.NativeMethodAccessorImpl.invoke(NativeMethodAccessorImpl.java:62)
	at sun.reflect.DelegatingMethodAccessorImpl.invoke(DelegatingMethodAccessorImpl.java:43)
	at java.lang.reflect.Method.invoke(Method.java:498)
	at org.junit.runners.model.FrameworkMethod$1.runReflectiveCall(FrameworkMethod.java:50)
	at org.junit.internal.runners.model.ReflectiveCallable.run(ReflectiveCallable.java:12)
	at org.junit.runners.model.FrameworkMethod.invokeExplosively(FrameworkMethod.java:47)
	at org.junit.internal.runners.statements.InvokeMethod.evaluate(InvokeMethod.java:17)
	at org.junit.internal.runners.statements.RunBefores.evaluate(RunBefores.java:26)
	at org.junit.runners.ParentRunner.runLeaf(ParentRunner.java:325)
	at org.junit.runners.BlockJUnit4ClassRunner.runChild(BlockJUnit4ClassRunner.java:78)
	at org.junit.runners.BlockJUnit4ClassRunner.runChild(BlockJUnit4ClassRunner.java:57)
	at org.junit.runners.ParentRunner$3.run(ParentRunner.java:290)
	at org.junit.runners.ParentRunner$1.schedule(ParentRunner.java:71)
	at org.junit.runners.ParentRunner.runChildren(ParentRunner.java:288)
	at org.junit.runners.ParentRunner.access$000(ParentRunner.java:58)
	at org.junit.runners.ParentRunner$2.evaluate(ParentRunner.java:268)
	at org.junit.runners.ParentRunner.run(ParentRunner.java:363)
	at org.apache.maven.surefire.junit4.JUnit4Provider.execute(JUnit4Provider.java:252)
	at org.apache.maven.surefire.junit4.JUnit4Provider.executeTestSet(JUnit4Provider.java:141)
	at org.apache.maven.surefire.junit4.JUnit4Provider.invoke(JUnit4Provider.java:112)
	at sun.reflect.NativeMethodAccessorImpl.invoke0(Native Method)
	at sun.reflect.NativeMethodAccessorImpl.invoke(NativeMethodAccessorImpl.java:62)
	at sun.reflect.DelegatingMethodAccessorImpl.invoke(DelegatingMethodAccessorImpl.java:43)
	at java.lang.reflect.Method.invoke(Method.java:498)
	at org.apache.maven.surefire.util.ReflectionUtils.invokeMethodWithArray(ReflectionUtils.java:189)
	at org.apache.maven.surefire.booter.ProviderFactory$ProviderProxy.invoke(ProviderFactory.java:165)
	at org.apache.maven.surefire.booter.ProviderFactory.invokeProvider(ProviderFactory.java:85)
	at org.apache.maven.surefire.booter.ForkedBooter.runSuitesInProcess(ForkedBooter.java:115)
	at org.apache.maven.surefire.booter.ForkedBooter.main(ForkedBooter.java:75)</pre></div></div></td>
<td></td></tr>
<tr class="a">
<td><img src="images/icon_success_sml.gif" alt="" /></td>
<td><a name="TC_com.tannv.controler.UserControllerUnitTest.test_get_by_id_fail_404_not_found"></a>test_get_by_id_fail_404_not_found</td>
<td>0.017</td></tr>
<tr class="b">
<td><a href="#com.tannv.controler.UserControllerUnitTest.test_get_all_success"><img src="images/icon_error_sml.gif" alt="" /></a></td>
<td><a name="TC_com.tannv.controler.UserControllerUnitTest.test_get_all_success"></a><a href="#com.tannv.controler.UserControllerUnitTest.test_get_all_success">test_get_all_success</a>
<div class="detailToggle" style="display:inline"><a href="javascript:toggleDisplay(&apos;com.tannv.controler.UserControllerUnitTest.test_get_all_success&apos;);"><span style="display:inline;" id="com.tannv.controler.UserControllerUnitTest.test_get_all_successoff"> + </span><span style="display:none;" id="com.tannv.controler.UserControllerUnitTest.test_get_all_successon"> - </span>[ Detail ]</a></div></td>
<td>0.032</td></tr>
<tr class="a">
<td></td>
<td>Content type expected:&lt;application/json;charset=UTF-8&gt; but was:&lt;application/xml;charset=UTF-8&gt;</td>
<td></td></tr>
<tr class="b">
<td></td>
<td>
<div id="com.tannv.controler.UserControllerUnitTest.test_get_all_successerror" style="display:none;">
<div>
<pre>java.lang.AssertionError: Content type expected:&lt;application/json;charset=UTF-8&gt; but was:&lt;application/xml;charset=UTF-8&gt;
	at org.springframework.test.util.AssertionErrors.fail(AssertionErrors.java:54)
	at org.springframework.test.util.AssertionErrors.assertEquals(AssertionErrors.java:81)
	at org.springframework.test.web.servlet.result.ContentResultMatchers$1.match(ContentResultMatchers.java:82)
	at org.springframework.test.web.servlet.MockMvc$1.andExpect(MockMvc.java:171)
	at com.tannv.controler.UserControllerUnitTest.test_get_all_success(UserControllerUnitTest.java:63)
	at sun.reflect.NativeMethodAccessorImpl.invoke0(Native Method)
	at sun.reflect.NativeMethodAccessorImpl.invoke(NativeMethodAccessorImpl.java:62)
	at sun.reflect.DelegatingMethodAccessorImpl.invoke(DelegatingMethodAccessorImpl.java:43)
	at java.lang.reflect.Method.invoke(Method.java:498)
	at org.junit.runners.model.FrameworkMethod$1.runReflectiveCall(FrameworkMethod.java:50)
	at org.junit.internal.runners.model.ReflectiveCallable.run(ReflectiveCallable.java:12)
	at org.junit.runners.model.FrameworkMethod.invokeExplosively(FrameworkMethod.java:47)
	at org.junit.internal.runners.statements.InvokeMethod.evaluate(InvokeMethod.java:17)
	at org.junit.internal.runners.statements.RunBefores.evaluate(RunBefores.java:26)
	at org.junit.runners.ParentRunner.runLeaf(ParentRunner.java:325)
	at org.junit.runners.BlockJUnit4ClassRunner.runChild(BlockJUnit4ClassRunner.java:78)
	at org.junit.runners.BlockJUnit4ClassRunner.runChild(BlockJUnit4ClassRunner.java:57)
	at org.junit.runners.ParentRunner$3.run(ParentRunner.java:290)
	at org.junit.runners.ParentRunner$1.schedule(ParentRunner.java:71)
	at org.junit.runners.ParentRunner.runChildren(ParentRunner.java:288)
	at org.junit.runners.ParentRunner.access$000(ParentRunner.java:58)
	at org.junit.runners.ParentRunner$2.evaluate(ParentRunner.java:268)
	at org.junit.runners.ParentRunner.run(ParentRunner.java:363)
	at org.apache.maven.surefire.junit4.JUnit4Provider.execute(JUnit4Provider.java:252)
	at org.apache.maven.surefire.junit4.JUnit4Provider.executeTestSet(JUnit4Provider.java:141)
	at org.apache.maven.surefire.junit4.JUnit4Provider.invoke(JUnit4Provider.java:112)
	at sun.reflect.NativeMethodAccessorImpl.invoke0(Native Method)
	at sun.reflect.NativeMethodAccessorImpl.invoke(NativeMethodAccessorImpl.java:62)
	at sun.reflect.DelegatingMethodAccessorImpl.invoke(DelegatingMethodAccessorImpl.java:43)
	at java.lang.reflect.Method.invoke(Method.java:498)
	at org.apache.maven.surefire.util.ReflectionUtils.invokeMethodWithArray(ReflectionUtils.java:189)
	at org.apache.maven.surefire.booter.ProviderFactory$ProviderProxy.invoke(ProviderFactory.java:165)
	at org.apache.maven.surefire.booter.ProviderFactory.invokeProvider(ProviderFactory.java:85)
	at org.apache.maven.surefire.booter.ForkedBooter.runSuitesInProcess(ForkedBooter.java:115)
	at org.apache.maven.surefire.booter.ForkedBooter.main(ForkedBooter.java:75)</pre></div></div></td>
<td></td></tr>
<tr class="a">
<td><img src="images/icon_success_sml.gif" alt="" /></td>
<td><a name="TC_com.tannv.controler.UserControllerUnitTest.test_delete_user_fail_404_not_found"></a>test_delete_user_fail_404_not_found</td>
<td>0.02</td></tr>
<tr class="b">
<td><a href="#com.tannv.controler.UserControllerUnitTest.test_create_user_success"><img src="images/icon_error_sml.gif" alt="" /></a></td>
<td><a name="TC_com.tannv.controler.UserControllerUnitTest.test_create_user_success"></a><a href="#com.tannv.controler.UserControllerUnitTest.test_create_user_success">test_create_user_success</a>
<div class="detailToggle" style="display:inline"><a href="javascript:toggleDisplay(&apos;com.tannv.controler.UserControllerUnitTest.test_create_user_success&apos;);"><span style="display:inline;" id="com.tannv.controler.UserControllerUnitTest.test_create_user_successoff"> + </span><span style="display:none;" id="com.tannv.controler.UserControllerUnitTest.test_create_user_successon"> - </span>[ Detail ]</a></div></td>
<td>0.027</td></tr>
<tr class="a">
<td></td>
<td>Status expected:&lt;201&gt; but was:&lt;400&gt;</td>
<td></td></tr>
<tr class="b">
<td></td>
<td>
<div id="com.tannv.controler.UserControllerUnitTest.test_create_user_successerror" style="display:none;">
<div>
<pre>java.lang.AssertionError: Status expected:&lt;201&gt; but was:&lt;400&gt;
	at org.springframework.test.util.AssertionErrors.fail(AssertionErrors.java:54)
	at org.springframework.test.util.AssertionErrors.assertEquals(AssertionErrors.java:81)
	at org.springframework.test.web.servlet.result.StatusResultMatchers$10.match(StatusResultMatchers.java:664)
	at org.springframework.test.web.servlet.MockMvc$1.andExpect(MockMvc.java:171)
	at com.tannv.controler.UserControllerUnitTest.test_create_user_success(UserControllerUnitTest.java:117)
	at sun.reflect.NativeMethodAccessorImpl.invoke0(Native Method)
	at sun.reflect.NativeMethodAccessorImpl.invoke(NativeMethodAccessorImpl.java:62)
	at sun.reflect.DelegatingMethodAccessorImpl.invoke(DelegatingMethodAccessorImpl.java:43)
	at java.lang.reflect.Method.invoke(Method.java:498)
	at org.junit.runners.model.FrameworkMethod$1.runReflectiveCall(FrameworkMethod.java:50)
	at org.junit.internal.runners.model.ReflectiveCallable.run(ReflectiveCallable.java:12)
	at org.junit.runners.model.FrameworkMethod.invokeExplosively(FrameworkMethod.java:47)
	at org.junit.internal.runners.statements.InvokeMethod.evaluate(InvokeMethod.java:17)
	at org.junit.internal.runners.statements.RunBefores.evaluate(RunBefores.java:26)
	at org.junit.runners.ParentRunner.runLeaf(ParentRunner.java:325)
	at org.junit.runners.BlockJUnit4ClassRunner.runChild(BlockJUnit4ClassRunner.java:78)
	at org.junit.runners.BlockJUnit4ClassRunner.runChild(BlockJUnit4ClassRunner.java:57)
	at org.junit.runners.ParentRunner$3.run(ParentRunner.java:290)
	at org.junit.runners.ParentRunner$1.schedule(ParentRunner.java:71)
	at org.junit.runners.ParentRunner.runChildren(ParentRunner.java:288)
	at org.junit.runners.ParentRunner.access$000(ParentRunner.java:58)
	at org.junit.runners.ParentRunner$2.evaluate(ParentRunner.java:268)
	at org.junit.runners.ParentRunner.run(ParentRunner.java:363)
	at org.apache.maven.surefire.junit4.JUnit4Provider.execute(JUnit4Provider.java:252)
	at org.apache.maven.surefire.junit4.JUnit4Provider.executeTestSet(JUnit4Provider.java:141)
	at org.apache.maven.surefire.junit4.JUnit4Provider.invoke(JUnit4Provider.java:112)
	at sun.reflect.NativeMethodAccessorImpl.invoke0(Native Method)
	at sun.reflect.NativeMethodAccessorImpl.invoke(NativeMethodAccessorImpl.java:62)
	at sun.reflect.DelegatingMethodAccessorImpl.invoke(DelegatingMethodAccessorImpl.java:43)
	at java.lang.reflect.Method.invoke(Method.java:498)
	at org.apache.maven.surefire.util.ReflectionUtils.invokeMethodWithArray(ReflectionUtils.java:189)
	at org.apache.maven.surefire.booter.ProviderFactory$ProviderProxy.invoke(ProviderFactory.java:165)
	at org.apache.maven.surefire.booter.ProviderFactory.invokeProvider(ProviderFactory.java:85)
	at org.apache.maven.surefire.booter.ForkedBooter.runSuitesInProcess(ForkedBooter.java:115)
	at org.apache.maven.surefire.booter.ForkedBooter.main(ForkedBooter.java:75)</pre></div></div></td>
<td></td></tr>
<tr class="a">
<td><img src="images/icon_success_sml.gif" alt="" /></td>
<td><a name="TC_com.tannv.controler.UserControllerUnitTest.test_cors_headers"></a>test_cors_headers</td>
<td>0.02</td></tr>
<tr class="b">
<td><a href="#com.tannv.controler.UserControllerUnitTest.test_update_user_fail_404_not_found"><img src="images/icon_error_sml.gif" alt="" /></a></td>
<td><a name="TC_com.tannv.controler.UserControllerUnitTest.test_update_user_fail_404_not_found"></a><a href="#com.tannv.controler.UserControllerUnitTest.test_update_user_fail_404_not_found">test_update_user_fail_404_not_found</a>
<div class="detailToggle" style="display:inline"><a href="javascript:toggleDisplay(&apos;com.tannv.controler.UserControllerUnitTest.test_update_user_fail_404_not_found&apos;);"><span style="display:inline;" id="com.tannv.controler.UserControllerUnitTest.test_update_user_fail_404_not_foundoff"> + </span><span style="display:none;" id="com.tannv.controler.UserControllerUnitTest.test_update_user_fail_404_not_foundon"> - </span>[ Detail ]</a></div></td>
<td>0.025</td></tr>
<tr class="a">
<td></td>
<td>Status expected:&lt;404&gt; but was:&lt;400&gt;</td>
<td></td></tr>
<tr class="b">
<td></td>
<td>
<div id="com.tannv.controler.UserControllerUnitTest.test_update_user_fail_404_not_founderror" style="display:none;">
<div>
<pre>java.lang.AssertionError: Status expected:&lt;404&gt; but was:&lt;400&gt;
	at org.springframework.test.util.AssertionErrors.fail(AssertionErrors.java:54)
	at org.springframework.test.util.AssertionErrors.assertEquals(AssertionErrors.java:81)
	at org.springframework.test.web.servlet.result.StatusResultMatchers$10.match(StatusResultMatchers.java:664)
	at org.springframework.test.web.servlet.MockMvc$1.andExpect(MockMvc.java:171)
	at com.tannv.controler.UserControllerUnitTest.test_update_user_fail_404_not_found(UserControllerUnitTest.java:171)
	at sun.reflect.NativeMethodAccessorImpl.invoke0(Native Method)
	at sun.reflect.NativeMethodAccessorImpl.invoke(NativeMethodAccessorImpl.java:62)
	at sun.reflect.DelegatingMethodAccessorImpl.invoke(DelegatingMethodAccessorImpl.java:43)
	at java.lang.reflect.Method.invoke(Method.java:498)
	at org.junit.runners.model.FrameworkMethod$1.runReflectiveCall(FrameworkMethod.java:50)
	at org.junit.internal.runners.model.ReflectiveCallable.run(ReflectiveCallable.java:12)
	at org.junit.runners.model.FrameworkMethod.invokeExplosively(FrameworkMethod.java:47)
	at org.junit.internal.runners.statements.InvokeMethod.evaluate(InvokeMethod.java:17)
	at org.junit.internal.runners.statements.RunBefores.evaluate(RunBefores.java:26)
	at org.junit.runners.ParentRunner.runLeaf(ParentRunner.java:325)
	at org.junit.runners.BlockJUnit4ClassRunner.runChild(BlockJUnit4ClassRunner.java:78)
	at org.junit.runners.BlockJUnit4ClassRunner.runChild(BlockJUnit4ClassRunner.java:57)
	at org.junit.runners.ParentRunner$3.run(ParentRunner.java:290)
	at org.junit.runners.ParentRunner$1.schedule(ParentRunner.java:71)
	at org.junit.runners.ParentRunner.runChildren(ParentRunner.java:288)
	at org.junit.runners.ParentRunner.access$000(ParentRunner.java:58)
	at org.junit.runners.ParentRunner$2.evaluate(ParentRunner.java:268)
	at org.junit.runners.ParentRunner.run(ParentRunner.java:363)
	at org.apache.maven.surefire.junit4.JUnit4Provider.execute(JUnit4Provider.java:252)
	at org.apache.maven.surefire.junit4.JUnit4Provider.executeTestSet(JUnit4Provider.java:141)
	at org.apache.maven.surefire.junit4.JUnit4Provider.invoke(JUnit4Provider.java:112)
	at sun.reflect.NativeMethodAccessorImpl.invoke0(Native Method)
	at sun.reflect.NativeMethodAccessorImpl.invoke(NativeMethodAccessorImpl.java:62)
	at sun.reflect.DelegatingMethodAccessorImpl.invoke(DelegatingMethodAccessorImpl.java:43)
	at java.lang.reflect.Method.invoke(Method.java:498)
	at org.apache.maven.surefire.util.ReflectionUtils.invokeMethodWithArray(ReflectionUtils.java:189)
	at org.apache.maven.surefire.booter.ProviderFactory$ProviderProxy.invoke(ProviderFactory.java:165)
	at org.apache.maven.surefire.booter.ProviderFactory.invokeProvider(ProviderFactory.java:85)
	at org.apache.maven.surefire.booter.ForkedBooter.runSuitesInProcess(ForkedBooter.java:115)
	at org.apache.maven.surefire.booter.ForkedBooter.main(ForkedBooter.java:75)</pre></div></div></td>
<td></td></tr></table></div><br /></div>
<div class="section">
<h2><a name="Failure_Details"></a>Failure Details</h2><a name="Failure_Details"></a>
<p>[<a href="#Summary">Summary</a>] [<a href="#Package_List">Package List</a>] [<a href="#Test_Cases">Test Cases</a>]</p><br />
<table border="1" class="bodyTable">
<tr class="a">
<td><img src="images/icon_error_sml.gif" alt="" /></td>
<td><a name="com.tannv.controler.UserControllerUnitTest.test_get_by_id_success"></a>test_get_by_id_success</td></tr>
<tr class="b">
<td></td>
<td>java.lang.AssertionError: Content type expected:&lt;application/json;charset=UTF-8&gt; but was:&lt;application/xml;charset=UTF-8&gt;</td></tr>
<tr class="a">
<td></td>
<td>
<div id="test_get_by_id_successerror">com.tannv.controler.UserControllerUnitTest:84</div></td></tr>
<tr class="b">
<td><img src="images/icon_error_sml.gif" alt="" /></td>
<td><a name="com.tannv.controler.UserControllerUnitTest.test_create_user_fail_409_conflict"></a>test_create_user_fail_409_conflict</td></tr>
<tr class="a">
<td></td>
<td>java.lang.AssertionError: Status expected:&lt;409&gt; but was:&lt;400&gt;</td></tr>
<tr class="b">
<td></td>
<td>
<div id="test_create_user_fail_409_conflicterror">com.tannv.controler.UserControllerUnitTest:135</div></td></tr>
<tr class="a">
<td><img src="images/icon_error_sml.gif" alt="" /></td>
<td><a name="com.tannv.controler.UserControllerUnitTest.test_update_user_success"></a>test_update_user_success</td></tr>
<tr class="b">
<td></td>
<td>java.lang.AssertionError: Status expected:&lt;200&gt; but was:&lt;400&gt;</td></tr>
<tr class="a">
<td></td>
<td>
<div id="test_update_user_successerror">com.tannv.controler.UserControllerUnitTest:154</div></td></tr>
<tr class="b">
<td><img src="images/icon_error_sml.gif" alt="" /></td>
<td><a name="com.tannv.controler.UserControllerUnitTest.test_get_all_success"></a>test_get_all_success</td></tr>
<tr class="a">
<td></td>
<td>java.lang.AssertionError: Content type expected:&lt;application/json;charset=UTF-8&gt; but was:&lt;application/xml;charset=UTF-8&gt;</td></tr>
<tr class="b">
<td></td>
<td>
<div id="test_get_all_successerror">com.tannv.controler.UserControllerUnitTest:63</div></td></tr>
<tr class="a">
<td><img src="images/icon_error_sml.gif" alt="" /></td>
<td><a name="com.tannv.controler.UserControllerUnitTest.test_create_user_success"></a>test_create_user_success</td></tr>
<tr class="b">
<td></td>
<td>java.lang.AssertionError: Status expected:&lt;201&gt; but was:&lt;400&gt;</td></tr>
<tr class="a">
<td></td>
<td>
<div id="test_create_user_successerror">com.tannv.controler.UserControllerUnitTest:117</div></td></tr>
<tr class="b">
<td><img src="images/icon_error_sml.gif" alt="" /></td>
<td><a name="com.tannv.controler.UserControllerUnitTest.test_update_user_fail_404_not_found"></a>test_update_user_fail_404_not_found</td></tr>
<tr class="a">
<td></td>
<td>java.lang.AssertionError: Status expected:&lt;404&gt; but was:&lt;400&gt;</td></tr>
<tr class="b">
<td></td>
<td>
<div id="test_update_user_fail_404_not_founderror">com.tannv.controler.UserControllerUnitTest:171</div></td></tr></table><br /></div>
      </div>
    </div>
    <div class="clear">
      <hr/>
    </div>
    <div id="footer">
      <div class="xright">
              Copyright &#169;                   2017.
          All rights reserved.      
                    
                  </div>
      <div class="clear">
        <hr/>
      </div>
    </div>
  </body>
</html>
